[INFO  - 2017-11-21T17:49:56.866Z] GhostDriver - Main - running on port 61753
[INFO  - 2017-11-21T17:49:57.920Z] Session [63bac7a0-cee4-11e7-aa51-390c368851da] - page.settings - {"XSSAuditingEnabled":false,"javascriptCanCloseWindows":true,"javascriptCanOpenWindows":true,"javascriptEnabled":true,"loadImages":true,"localToRemoteUrlAccessEnabled":false,"userAgent":"Mozilla/5.0 (Windows NT 6.2; WOW64) AppleWebKit/538.1 (KHTML, like Gecko) PhantomJS/2.1.1 Safari/538.1","webSecurityEnabled":true}
[INFO  - 2017-11-21T17:49:57.920Z] Session [63bac7a0-cee4-11e7-aa51-390c368851da] - page.customHeaders:  - {}
[INFO  - 2017-11-21T17:49:57.920Z] Session [63bac7a0-cee4-11e7-aa51-390c368851da] - Session.negotiatedCapabilities - {"browserName":"phantomjs","version":"2.1.1","driverName":"ghostdriver","driverVersion":"1.2.0","platform":"windows-8.1-32bit","javascriptEnabled":true,"takesScreenshot":true,"handlesAlerts":false,"databaseEnabled":false,"locationContextEnabled":false,"applicationCacheEnabled":false,"browserConnectionEnabled":false,"cssSelectorsEnabled":true,"webStorageEnabled":false,"rotatable":false,"acceptSslCerts":false,"nativeEvents":true,"proxy":{"proxyType":"direct"}}
[INFO  - 2017-11-21T17:49:57.920Z] SessionManagerReqHand - _postNewSessionCommand - New Session Created: 63bac7a0-cee4-11e7-aa51-390c368851da
[ERROR - 2017-11-21T17:49:58.989Z] RouterReqHand - _handle.error - {"name":"Missing Command Parameter","message":"{\"headers\":{\"Accept\":\"application/json\",\"Accept-Encoding\":\"identity\",\"Connection\":\"close\",\"Content-Length\":\"73\",\"Content-Type\":\"application/json;charset=UTF-8\",\"Host\":\"127.0.0.1:61753\",\"User-Agent\":\"Python http auth\"},\"httpVersion\":\"1.1\",\"method\":\"POST\",\"post\":\"{\\\"pageLoad\\\": 200000, \\\"sessionId\\\": \\\"63bac7a0-cee4-11e7-aa51-390c368851da\\\"}\",\"url\":\"/timeouts\",\"urlParsed\":{\"anchor\":\"\",\"query\":\"\",\"file\":\"timeouts\",\"directory\":\"/\",\"path\":\"/timeouts\",\"relative\":\"/timeouts\",\"port\":\"\",\"host\":\"\",\"password\":\"\",\"user\":\"\",\"userInfo\":\"\",\"authority\":\"\",\"protocol\":\"\",\"source\":\"/timeouts\",\"queryKey\":{},\"chunks\":[\"timeouts\"]},\"urlOriginal\":\"/session/63bac7a0-cee4-11e7-aa51-390c368851da/timeouts\"}","line":546,"sourceURL":"phantomjs://code/session_request_handler.js","stack":"_postTimeout@phantomjs://code/session_request_handler.js:546:73\n_handle@phantomjs://code/session_request_handler.js:148:25\n_reroute@phantomjs://code/request_handler.js:61:20\n_handle@phantomjs://code/router_request_handler.js:78:46"}

  phantomjs://platform/console++.js:263 in error
[ERROR - 2017-11-21T17:50:17.394Z] RouterReqHand - _handle.error - {"name":"Missing Command Parameter","message":"{\"headers\":{\"Accept\":\"application/json\",\"Accept-Encoding\":\"identity\",\"Connection\":\"close\",\"Content-Length\":\"73\",\"Content-Type\":\"application/json;charset=UTF-8\",\"Host\":\"127.0.0.1:61753\",\"User-Agent\":\"Python http auth\"},\"httpVersion\":\"1.1\",\"method\":\"POST\",\"post\":\"{\\\"pageLoad\\\": 200000, \\\"sessionId\\\": \\\"63bac7a0-cee4-11e7-aa51-390c368851da\\\"}\",\"url\":\"/timeouts\",\"urlParsed\":{\"anchor\":\"\",\"query\":\"\",\"file\":\"timeouts\",\"directory\":\"/\",\"path\":\"/timeouts\",\"relative\":\"/timeouts\",\"port\":\"\",\"host\":\"\",\"password\":\"\",\"user\":\"\",\"userInfo\":\"\",\"authority\":\"\",\"protocol\":\"\",\"source\":\"/timeouts\",\"queryKey\":{},\"chunks\":[\"timeouts\"]},\"urlOriginal\":\"/session/63bac7a0-cee4-11e7-aa51-390c368851da/timeouts\"}","line":546,"sourceURL":"phantomjs://code/session_request_handler.js","stack":"_postTimeout@phantomjs://code/session_request_handler.js:546:73\n_handle@phantomjs://code/session_request_handler.js:148:25\n_reroute@phantomjs://code/request_handler.js:61:20\n_handle@phantomjs://code/router_request_handler.js:78:46"}

  phantomjs://platform/console++.js:263 in error
[ERROR - 2017-11-21T17:50:17.675Z] Session [63bac7a0-cee4-11e7-aa51-390c368851da] - page.onError - msg: Error: Ender Error: Requested module 'jquery' has not been defined.

  phantomjs://platform/console++.js:263 in error
[ERROR - 2017-11-21T17:50:17.676Z] Session [63bac7a0-cee4-11e7-aa51-390c368851da] - page.onError - stack:
  apply (:0)

  phantomjs://platform/console++.js:263 in error
[ERROR - 2017-11-21T17:50:43.712Z] Session [63bac7a0-cee4-11e7-aa51-390c368851da] - page.onError - msg: Error: Ender Error: Requested module 'jquery' has not been defined.

  phantomjs://platform/console++.js:263 in error
[ERROR - 2017-11-21T17:50:43.712Z] Session [63bac7a0-cee4-11e7-aa51-390c368851da] - page.onError - stack:
  apply (:0)

  phantomjs://platform/console++.js:263 in error
[ERROR - 2017-11-21T17:50:55.367Z] RouterReqHand - _handle.error - {"name":"Missing Command Parameter","message":"{\"headers\":{\"Accept\":\"application/json\",\"Accept-Encoding\":\"identity\",\"Connection\":\"close\",\"Content-Length\":\"73\",\"Content-Type\":\"application/json;charset=UTF-8\",\"Host\":\"127.0.0.1:61753\",\"User-Agent\":\"Python http auth\"},\"httpVersion\":\"1.1\",\"method\":\"POST\",\"post\":\"{\\\"pageLoad\\\": 200000, \\\"sessionId\\\": \\\"63bac7a0-cee4-11e7-aa51-390c368851da\\\"}\",\"url\":\"/timeouts\",\"urlParsed\":{\"anchor\":\"\",\"query\":\"\",\"file\":\"timeouts\",\"directory\":\"/\",\"path\":\"/timeouts\",\"relative\":\"/timeouts\",\"port\":\"\",\"host\":\"\",\"password\":\"\",\"user\":\"\",\"userInfo\":\"\",\"authority\":\"\",\"protocol\":\"\",\"source\":\"/timeouts\",\"queryKey\":{},\"chunks\":[\"timeouts\"]},\"urlOriginal\":\"/session/63bac7a0-cee4-11e7-aa51-390c368851da/timeouts\"}","line":546,"sourceURL":"phantomjs://code/session_request_handler.js","stack":"_postTimeout@phantomjs://code/session_request_handler.js:546:73\n_handle@phantomjs://code/session_request_handler.js:148:25\n_reroute@phantomjs://code/request_handler.js:61:20\n_handle@phantomjs://code/router_request_handler.js:78:46"}

  phantomjs://platform/console++.js:263 in error
[ERROR - 2017-11-21T17:51:13.631Z] Session [63bac7a0-cee4-11e7-aa51-390c368851da] - page.onError - msg: Error: Ender Error: Requested module 'jquery' has not been defined.

  phantomjs://platform/console++.js:263 in error
[ERROR - 2017-11-21T17:51:13.632Z] Session [63bac7a0-cee4-11e7-aa51-390c368851da] - page.onError - stack:
  apply (:0)

  phantomjs://platform/console++.js:263 in error
[ERROR - 2017-11-21T17:51:25.203Z] RouterReqHand - _handle.error - {"name":"Missing Command Parameter","message":"{\"headers\":{\"Accept\":\"application/json\",\"Accept-Encoding\":\"identity\",\"Connection\":\"close\",\"Content-Length\":\"73\",\"Content-Type\":\"application/json;charset=UTF-8\",\"Host\":\"127.0.0.1:61753\",\"User-Agent\":\"Python http auth\"},\"httpVersion\":\"1.1\",\"method\":\"POST\",\"post\":\"{\\\"pageLoad\\\": 200000, \\\"sessionId\\\": \\\"63bac7a0-cee4-11e7-aa51-390c368851da\\\"}\",\"url\":\"/timeouts\",\"urlParsed\":{\"anchor\":\"\",\"query\":\"\",\"file\":\"timeouts\",\"directory\":\"/\",\"path\":\"/timeouts\",\"relative\":\"/timeouts\",\"port\":\"\",\"host\":\"\",\"password\":\"\",\"user\":\"\",\"userInfo\":\"\",\"authority\":\"\",\"protocol\":\"\",\"source\":\"/timeouts\",\"queryKey\":{},\"chunks\":[\"timeouts\"]},\"urlOriginal\":\"/session/63bac7a0-cee4-11e7-aa51-390c368851da/timeouts\"}","line":546,"sourceURL":"phantomjs://code/session_request_handler.js","stack":"_postTimeout@phantomjs://code/session_request_handler.js:546:73\n_handle@phantomjs://code/session_request_handler.js:148:25\n_reroute@phantomjs://code/request_handler.js:61:20\n_handle@phantomjs://code/router_request_handler.js:78:46"}

  phantomjs://platform/console++.js:263 in error
[ERROR - 2017-11-21T17:51:41.918Z] Session [63bac7a0-cee4-11e7-aa51-390c368851da] - page.onError - msg: Error: Ender Error: Requested module 'jquery' has not been defined.

  phantomjs://platform/console++.js:263 in error
[ERROR - 2017-11-21T17:51:41.919Z] Session [63bac7a0-cee4-11e7-aa51-390c368851da] - page.onError - stack:
  apply (:0)

  phantomjs://platform/console++.js:263 in error
[ERROR - 2017-11-21T17:51:53.198Z] RouterReqHand - _handle.error - {"name":"Missing Command Parameter","message":"{\"headers\":{\"Accept\":\"application/json\",\"Accept-Encoding\":\"identity\",\"Connection\":\"close\",\"Content-Length\":\"73\",\"Content-Type\":\"application/json;charset=UTF-8\",\"Host\":\"127.0.0.1:61753\",\"User-Agent\":\"Python http auth\"},\"httpVersion\":\"1.1\",\"method\":\"POST\",\"post\":\"{\\\"pageLoad\\\": 200000, \\\"sessionId\\\": \\\"63bac7a0-cee4-11e7-aa51-390c368851da\\\"}\",\"url\":\"/timeouts\",\"urlParsed\":{\"anchor\":\"\",\"query\":\"\",\"file\":\"timeouts\",\"directory\":\"/\",\"path\":\"/timeouts\",\"relative\":\"/timeouts\",\"port\":\"\",\"host\":\"\",\"password\":\"\",\"user\":\"\",\"userInfo\":\"\",\"authority\":\"\",\"protocol\":\"\",\"source\":\"/timeouts\",\"queryKey\":{},\"chunks\":[\"timeouts\"]},\"urlOriginal\":\"/session/63bac7a0-cee4-11e7-aa51-390c368851da/timeouts\"}","line":546,"sourceURL":"phantomjs://code/session_request_handler.js","stack":"_postTimeout@phantomjs://code/session_request_handler.js:546:73\n_handle@phantomjs://code/session_request_handler.js:148:25\n_reroute@phantomjs://code/request_handler.js:61:20\n_handle@phantomjs://code/router_request_handler.js:78:46"}

  phantomjs://platform/console++.js:263 in error
[ERROR - 2017-11-21T17:52:13.846Z] Session [63bac7a0-cee4-11e7-aa51-390c368851da] - page.onError - msg: Error: Ender Error: Requested module 'jquery' has not been defined.

  phantomjs://platform/console++.js:263 in error
[ERROR - 2017-11-21T17:52:13.846Z] Session [63bac7a0-cee4-11e7-aa51-390c368851da] - page.onError - stack:
  apply (:0)

  phantomjs://platform/console++.js:263 in error
[ERROR - 2017-11-21T17:52:25.884Z] RouterReqHand - _handle.error - {"name":"Missing Command Parameter","message":"{\"headers\":{\"Accept\":\"application/json\",\"Accept-Encoding\":\"identity\",\"Connection\":\"close\",\"Content-Length\":\"73\",\"Content-Type\":\"application/json;charset=UTF-8\",\"Host\":\"127.0.0.1:61753\",\"User-Agent\":\"Python http auth\"},\"httpVersion\":\"1.1\",\"method\":\"POST\",\"post\":\"{\\\"pageLoad\\\": 200000, \\\"sessionId\\\": \\\"63bac7a0-cee4-11e7-aa51-390c368851da\\\"}\",\"url\":\"/timeouts\",\"urlParsed\":{\"anchor\":\"\",\"query\":\"\",\"file\":\"timeouts\",\"directory\":\"/\",\"path\":\"/timeouts\",\"relative\":\"/timeouts\",\"port\":\"\",\"host\":\"\",\"password\":\"\",\"user\":\"\",\"userInfo\":\"\",\"authority\":\"\",\"protocol\":\"\",\"source\":\"/timeouts\",\"queryKey\":{},\"chunks\":[\"timeouts\"]},\"urlOriginal\":\"/session/63bac7a0-cee4-11e7-aa51-390c368851da/timeouts\"}","line":546,"sourceURL":"phantomjs://code/session_request_handler.js","stack":"_postTimeout@phantomjs://code/session_request_handler.js:546:73\n_handle@phantomjs://code/session_request_handler.js:148:25\n_reroute@phantomjs://code/request_handler.js:61:20\n_handle@phantomjs://code/router_request_handler.js:78:46"}

  phantomjs://platform/console++.js:263 in error
[ERROR - 2017-11-21T17:52:44.185Z] Session [63bac7a0-cee4-11e7-aa51-390c368851da] - page.onError - msg: Error: Ender Error: Requested module 'jquery' has not been defined.

  phantomjs://platform/console++.js:263 in error
[ERROR - 2017-11-21T17:52:44.186Z] Session [63bac7a0-cee4-11e7-aa51-390c368851da] - page.onError - stack:
  apply (:0)

  phantomjs://platform/console++.js:263 in error
[ERROR - 2017-11-21T17:52:55.120Z] RouterReqHand - _handle.error - {"name":"Missing Command Parameter","message":"{\"headers\":{\"Accept\":\"application/json\",\"Accept-Encoding\":\"identity\",\"Connection\":\"close\",\"Content-Length\":\"73\",\"Content-Type\":\"application/json;charset=UTF-8\",\"Host\":\"127.0.0.1:61753\",\"User-Agent\":\"Python http auth\"},\"httpVersion\":\"1.1\",\"method\":\"POST\",\"post\":\"{\\\"pageLoad\\\": 200000, \\\"sessionId\\\": \\\"63bac7a0-cee4-11e7-aa51-390c368851da\\\"}\",\"url\":\"/timeouts\",\"urlParsed\":{\"anchor\":\"\",\"query\":\"\",\"file\":\"timeouts\",\"directory\":\"/\",\"path\":\"/timeouts\",\"relative\":\"/timeouts\",\"port\":\"\",\"host\":\"\",\"password\":\"\",\"user\":\"\",\"userInfo\":\"\",\"authority\":\"\",\"protocol\":\"\",\"source\":\"/timeouts\",\"queryKey\":{},\"chunks\":[\"timeouts\"]},\"urlOriginal\":\"/session/63bac7a0-cee4-11e7-aa51-390c368851da/timeouts\"}","line":546,"sourceURL":"phantomjs://code/session_request_handler.js","stack":"_postTimeout@phantomjs://code/session_request_handler.js:546:73\n_handle@phantomjs://code/session_request_handler.js:148:25\n_reroute@phantomjs://code/request_handler.js:61:20\n_handle@phantomjs://code/router_request_handler.js:78:46"}

  phantomjs://platform/console++.js:263 in error
[ERROR - 2017-11-21T17:53:13.195Z] Session [63bac7a0-cee4-11e7-aa51-390c368851da] - page.onError - msg: Error: Ender Error: Requested module 'jquery' has not been defined.

  phantomjs://platform/console++.js:263 in error
[ERROR - 2017-11-21T17:53:13.195Z] Session [63bac7a0-cee4-11e7-aa51-390c368851da] - page.onError - stack:
  apply (:0)

  phantomjs://platform/console++.js:263 in error
[ERROR - 2017-11-21T17:53:18.962Z] RouterReqHand - _handle.error - {"name":"Missing Command Parameter","message":"{\"headers\":{\"Accept\":\"application/json\",\"Accept-Encoding\":\"identity\",\"Connection\":\"close\",\"Content-Length\":\"73\",\"Content-Type\":\"application/json;charset=UTF-8\",\"Host\":\"127.0.0.1:61753\",\"User-Agent\":\"Python http auth\"},\"httpVersion\":\"1.1\",\"method\":\"POST\",\"post\":\"{\\\"pageLoad\\\": 200000, \\\"sessionId\\\": \\\"63bac7a0-cee4-11e7-aa51-390c368851da\\\"}\",\"url\":\"/timeouts\",\"urlParsed\":{\"anchor\":\"\",\"query\":\"\",\"file\":\"timeouts\",\"directory\":\"/\",\"path\":\"/timeouts\",\"relative\":\"/timeouts\",\"port\":\"\",\"host\":\"\",\"password\":\"\",\"user\":\"\",\"userInfo\":\"\",\"authority\":\"\",\"protocol\":\"\",\"source\":\"/timeouts\",\"queryKey\":{},\"chunks\":[\"timeouts\"]},\"urlOriginal\":\"/session/63bac7a0-cee4-11e7-aa51-390c368851da/timeouts\"}","line":546,"sourceURL":"phantomjs://code/session_request_handler.js","stack":"_postTimeout@phantomjs://code/session_request_handler.js:546:73\n_handle@phantomjs://code/session_request_handler.js:148:25\n_reroute@phantomjs://code/request_handler.js:61:20\n_handle@phantomjs://code/router_request_handler.js:78:46"}

  phantomjs://platform/console++.js:263 in error
[ERROR - 2017-11-21T17:53:36.713Z] Session [63bac7a0-cee4-11e7-aa51-390c368851da] - page.onError - msg: Error: Ender Error: Requested module 'jquery' has not been defined.

  phantomjs://platform/console++.js:263 in error
[ERROR - 2017-11-21T17:53:36.713Z] Session [63bac7a0-cee4-11e7-aa51-390c368851da] - page.onError - stack:
  apply (:0)

  phantomjs://platform/console++.js:263 in error
[ERROR - 2017-11-21T17:53:42.980Z] RouterReqHand - _handle.error - {"name":"Missing Command Parameter","message":"{\"headers\":{\"Accept\":\"application/json\",\"Accept-Encoding\":\"identity\",\"Connection\":\"close\",\"Content-Length\":\"73\",\"Content-Type\":\"application/json;charset=UTF-8\",\"Host\":\"127.0.0.1:61753\",\"User-Agent\":\"Python http auth\"},\"httpVersion\":\"1.1\",\"method\":\"POST\",\"post\":\"{\\\"pageLoad\\\": 200000, \\\"sessionId\\\": \\\"63bac7a0-cee4-11e7-aa51-390c368851da\\\"}\",\"url\":\"/timeouts\",\"urlParsed\":{\"anchor\":\"\",\"query\":\"\",\"file\":\"timeouts\",\"directory\":\"/\",\"path\":\"/timeouts\",\"relative\":\"/timeouts\",\"port\":\"\",\"host\":\"\",\"password\":\"\",\"user\":\"\",\"userInfo\":\"\",\"authority\":\"\",\"protocol\":\"\",\"source\":\"/timeouts\",\"queryKey\":{},\"chunks\":[\"timeouts\"]},\"urlOriginal\":\"/session/63bac7a0-cee4-11e7-aa51-390c368851da/timeouts\"}","line":546,"sourceURL":"phantomjs://code/session_request_handler.js","stack":"_postTimeout@phantomjs://code/session_request_handler.js:546:73\n_handle@phantomjs://code/session_request_handler.js:148:25\n_reroute@phantomjs://code/request_handler.js:61:20\n_handle@phantomjs://code/router_request_handler.js:78:46"}

  phantomjs://platform/console++.js:263 in error
[ERROR - 2017-11-21T17:53:59.232Z] Session [63bac7a0-cee4-11e7-aa51-390c368851da] - page.onError - msg: Error: Ender Error: Requested module 'jquery' has not been defined.

  phantomjs://platform/console++.js:263 in error
[ERROR - 2017-11-21T17:53:59.232Z] Session [63bac7a0-cee4-11e7-aa51-390c368851da] - page.onError - stack:
  apply (:0)

  phantomjs://platform/console++.js:263 in error
[ERROR - 2017-11-21T17:54:05.273Z] RouterReqHand - _handle.error - {"name":"Missing Command Parameter","message":"{\"headers\":{\"Accept\":\"application/json\",\"Accept-Encoding\":\"identity\",\"Connection\":\"close\",\"Content-Length\":\"73\",\"Content-Type\":\"application/json;charset=UTF-8\",\"Host\":\"127.0.0.1:61753\",\"User-Agent\":\"Python http auth\"},\"httpVersion\":\"1.1\",\"method\":\"POST\",\"post\":\"{\\\"pageLoad\\\": 200000, \\\"sessionId\\\": \\\"63bac7a0-cee4-11e7-aa51-390c368851da\\\"}\",\"url\":\"/timeouts\",\"urlParsed\":{\"anchor\":\"\",\"query\":\"\",\"file\":\"timeouts\",\"directory\":\"/\",\"path\":\"/timeouts\",\"relative\":\"/timeouts\",\"port\":\"\",\"host\":\"\",\"password\":\"\",\"user\":\"\",\"userInfo\":\"\",\"authority\":\"\",\"protocol\":\"\",\"source\":\"/timeouts\",\"queryKey\":{},\"chunks\":[\"timeouts\"]},\"urlOriginal\":\"/session/63bac7a0-cee4-11e7-aa51-390c368851da/timeouts\"}","line":546,"sourceURL":"phantomjs://code/session_request_handler.js","stack":"_postTimeout@phantomjs://code/session_request_handler.js:546:73\n_handle@phantomjs://code/session_request_handler.js:148:25\n_reroute@phantomjs://code/request_handler.js:61:20\n_handle@phantomjs://code/router_request_handler.js:78:46"}

  phantomjs://platform/console++.js:263 in error
[ERROR - 2017-11-21T17:54:21.602Z] Session [63bac7a0-cee4-11e7-aa51-390c368851da] - page.onError - msg: Error: Ender Error: Requested module 'jquery' has not been defined.

  phantomjs://platform/console++.js:263 in error
[ERROR - 2017-11-21T17:54:21.602Z] Session [63bac7a0-cee4-11e7-aa51-390c368851da] - page.onError - stack:
  apply (:0)

  phantomjs://platform/console++.js:263 in error
[ERROR - 2017-11-21T17:54:28.297Z] RouterReqHand - _handle.error - {"name":"Missing Command Parameter","message":"{\"headers\":{\"Accept\":\"application/json\",\"Accept-Encoding\":\"identity\",\"Connection\":\"close\",\"Content-Length\":\"73\",\"Content-Type\":\"application/json;charset=UTF-8\",\"Host\":\"127.0.0.1:61753\",\"User-Agent\":\"Python http auth\"},\"httpVersion\":\"1.1\",\"method\":\"POST\",\"post\":\"{\\\"pageLoad\\\": 200000, \\\"sessionId\\\": \\\"63bac7a0-cee4-11e7-aa51-390c368851da\\\"}\",\"url\":\"/timeouts\",\"urlParsed\":{\"anchor\":\"\",\"query\":\"\",\"file\":\"timeouts\",\"directory\":\"/\",\"path\":\"/timeouts\",\"relative\":\"/timeouts\",\"port\":\"\",\"host\":\"\",\"password\":\"\",\"user\":\"\",\"userInfo\":\"\",\"authority\":\"\",\"protocol\":\"\",\"source\":\"/timeouts\",\"queryKey\":{},\"chunks\":[\"timeouts\"]},\"urlOriginal\":\"/session/63bac7a0-cee4-11e7-aa51-390c368851da/timeouts\"}","line":546,"sourceURL":"phantomjs://code/session_request_handler.js","stack":"_postTimeout@phantomjs://code/session_request_handler.js:546:73\n_handle@phantomjs://code/session_request_handler.js:148:25\n_reroute@phantomjs://code/request_handler.js:61:20\n_handle@phantomjs://code/router_request_handler.js:78:46"}

  phantomjs://platform/console++.js:263 in error
[ERROR - 2017-11-21T17:54:44.871Z] Session [63bac7a0-cee4-11e7-aa51-390c368851da] - page.onError - msg: Error: Ender Error: Requested module 'jquery' has not been defined.

  phantomjs://platform/console++.js:263 in error
[ERROR - 2017-11-21T17:54:44.871Z] Session [63bac7a0-cee4-11e7-aa51-390c368851da] - page.onError - stack:
  apply (:0)

  phantomjs://platform/console++.js:263 in error
[ERROR - 2017-11-21T17:54:50.396Z] RouterReqHand - _handle.error - {"name":"Missing Command Parameter","message":"{\"headers\":{\"Accept\":\"application/json\",\"Accept-Encoding\":\"identity\",\"Connection\":\"close\",\"Content-Length\":\"73\",\"Content-Type\":\"application/json;charset=UTF-8\",\"Host\":\"127.0.0.1:61753\",\"User-Agent\":\"Python http auth\"},\"httpVersion\":\"1.1\",\"method\":\"POST\",\"post\":\"{\\\"pageLoad\\\": 200000, \\\"sessionId\\\": \\\"63bac7a0-cee4-11e7-aa51-390c368851da\\\"}\",\"url\":\"/timeouts\",\"urlParsed\":{\"anchor\":\"\",\"query\":\"\",\"file\":\"timeouts\",\"directory\":\"/\",\"path\":\"/timeouts\",\"relative\":\"/timeouts\",\"port\":\"\",\"host\":\"\",\"password\":\"\",\"user\":\"\",\"userInfo\":\"\",\"authority\":\"\",\"protocol\":\"\",\"source\":\"/timeouts\",\"queryKey\":{},\"chunks\":[\"timeouts\"]},\"urlOriginal\":\"/session/63bac7a0-cee4-11e7-aa51-390c368851da/timeouts\"}","line":546,"sourceURL":"phantomjs://code/session_request_handler.js","stack":"_postTimeout@phantomjs://code/session_request_handler.js:546:73\n_handle@phantomjs://code/session_request_handler.js:148:25\n_reroute@phantomjs://code/request_handler.js:61:20\n_handle@phantomjs://code/router_request_handler.js:78:46"}

  phantomjs://platform/console++.js:263 in error
[INFO  - 2017-11-21T17:54:59.721Z] SessionManagerReqHand - _cleanupWindowlessSessions - Asynchronous Sessions clean-up phase starting NOW
